Arguments: 
  C:\Program Files\nodejs\node.exe C:\Users\mytar\AppData\Roaming\npm\node_modules\yarn\bin\yarn.js add ness.css

PATH: 
  C:\Users\mytar\www\Outils\cmder\vendor\conemu-maximus5\ConEmu\Scripts;C:\Users\mytar\www\Outils\cmder\vendor\conemu-maximus5;C:\Users\mytar\www\Outils\cmder\vendor\conemu-maximus5\ConEmu;C:\Windows\system32;C:\Windows;C:\Windows\System32\Wbem;C:\Windows\System32\WindowsPowerShell\v1.0\;C:\Windows\System32\OpenSSH\;C:\Program Files\Git\cmd;C:\laragon\bin\php\php-7.4.19-Win32-vc15-x64;C:\ProgramData\ComposerSetup\bin;C:\Program Files\nodejs\;C:\Users\mytar\AppData\Local\Microsoft\WindowsApps;C:\Users\mytar\AppData\Local\Programs\Microsoft VS Code\bin;C:\Users\mytar\AppData\Roaming\Composer\vendor\bin;C:\Users\mytar\AppData\Roaming\npm;C:\Program Files\Git\mingw64\bin;C:\Program Files\Git\usr\bin;C:\Users\mytar\www\Outils\cmder\vendor\bin;C:\Users\mytar\www\Outils\cmder

Yarn version: 
  1.22.18

Node version: 
  16.15.1

Platform: 
  win32 x64

Trace: 
  Error: https://registry.yarnpkg.com/ness.css: Not found
      at Request.params.callback [as _callback] (C:\Users\mytar\AppData\Roaming\npm\node_modules\yarn\lib\cli.js:66138:18)
      at Request.self.callback (C:\Users\mytar\AppData\Roaming\npm\node_modules\yarn\lib\cli.js:140883:22)
      at Request.emit (node:events:527:28)
      at Request.<anonymous> (C:\Users\mytar\AppData\Roaming\npm\node_modules\yarn\lib\cli.js:141855:10)
      at Request.emit (node:events:527:28)
      at IncomingMessage.<anonymous> (C:\Users\mytar\AppData\Roaming\npm\node_modules\yarn\lib\cli.js:141777:12)
      at Object.onceWrapper (node:events:641:28)
      at IncomingMessage.emit (node:events:539:35)
      at endReadableNT (node:internal/streams/readable:1345:12)
      at processTicksAndRejections (node:internal/process/task_queues:83:21)

npm manifest: 
  {
    "dependencies": {
      "bulma": "^0.9.4"
    }
  }

yarn manifest: 
  No manifest

Lockfile: 
  # THIS IS AN AUTOGENERATED FILE. DO NOT EDIT THIS FILE DIRECTLY.
  # yarn lockfile v1
  
  
  "bulma@^0.9.4":
    "integrity" "sha512-86FlT5+1GrsgKbPLRRY7cGDg8fsJiP/jzTqXXVqiUZZ2aZT8uemEOHlU1CDU+TxklPEZ11HZNNWclRBBecP4CQ=="
    "resolved" "https://registry.npmjs.org/bulma/-/bulma-0.9.4.tgz"
    "version" "0.9.4"
